<?xml version="1.0" encoding="UTF-8"?>
<testng-results skipped="2" failed="0" ignored="0" total="2" passed="0">
  <reporter-output>
  </reporter-output>
  <suite name="TrainingTestSuite" duration-ms="10466" started-at="2017-06-27T13:01:01Z" finished-at="2017-06-27T13:01:11Z">
    <groups>
    </groups>
    <test name="Flight Booking Test" duration-ms="10466" started-at="2017-06-27T13:01:01Z" finished-at="2017-06-27T13:01:11Z">
      <class name="org.epam.tests.FlightBookingTest">
        <test-method status="PASS" signature="excelPaths(java.lang.String)[pri:0, instance:org.epam.tests.FlightBookingTest@ed7f8b4]" name="excelPaths" is-config="true" duration-ms="5" started-at="2017-06-27T18:31:01Z" finished-at="2017-06-27T18:31:01Z">
          <params>
            <param index="0">
              <value>
                <![CDATA[src/test/resources/TestData/VuelingData.xlsx]]>
              </value>
            </param>
          </params>
          <reporter-output>
          </reporter-output>
        </test-method> <!-- excelPaths -->
        <test-method status="PASS" signature="setUp(java.lang.String, java.lang.String)[pri:0, instance:org.epam.tests.FlightBookingTest@ed7f8b4]" name="setUp" is-config="true" duration-ms="9936" started-at="2017-06-27T18:31:01Z" finished-at="2017-06-27T18:31:11Z">
          <params>
            <param index="0">
              <value>
                <![CDATA[Firefox]]>
              </value>
            </param>
            <param index="1">
              <value>
                <![CDATA[http://www.vueling.com/en]]>
              </value>
            </param>
          </params>
          <reporter-output>
          </reporter-output>
        </test-method> <!-- setUp -->
        <test-method status="SKIP" signature="flightBookingTest(java.util.Map)[pri:0, instance:org.epam.tests.FlightBookingTest@ed7f8b4]" name="flightBookingTest" duration-ms="0" started-at="2017-06-27T18:31:11Z" data-provider="row-based-data" finished-at="2017-06-27T18:31:11Z">
          <exception class="java.lang.RuntimeException">
            <message>
              <![CDATA[java.lang.NullPointerException]]>
            </message>
            <full-stacktrace>
              <![CDATA[java.lang.RuntimeException: java.lang.NullPointerException
	at org.testng.internal.MethodInvocationHelper.invokeMethodNoCheckedException(MethodInvocationHelper.java:49)
	at org.testng.internal.MethodInvocationHelper.invokeDataProvider(MethodInvocationHelper.java:115)
	at org.testng.internal.Parameters.handleParameters(Parameters.java:509)
	at org.testng.internal.Invoker.handleParameters(Invoker.java:1308)
	at org.testng.internal.Invoker.createParameters(Invoker.java:1036)
	at org.testng.internal.Invoker.invokeTestMethods(Invoker.java:1126)
	at org.testng.internal.TestMethodWorker.invokeTestMethods(TestMethodWorker.java:126)
	at org.testng.internal.TestMethodWorker.run(TestMethodWorker.java:109)
	at org.testng.TestRunner.privateRun(TestRunner.java:744)
	at org.testng.TestRunner.run(TestRunner.java:602)
	at org.testng.SuiteRunner.runTest(SuiteRunner.java:380)
	at org.testng.SuiteRunner.runSequentially(SuiteRunner.java:375)
	at org.testng.SuiteRunner.privateRun(SuiteRunner.java:340)
	at org.testng.SuiteRunner.run(SuiteRunner.java:289)
	at org.testng.SuiteRunnerWorker.runSuite(SuiteRunnerWorker.java:52)
	at org.testng.SuiteRunnerWorker.run(SuiteRunnerWorker.java:86)
	at org.testng.TestNG.runSuitesSequentially(TestNG.java:1301)
	at org.testng.TestNG.runSuitesLocally(TestNG.java:1226)
	at org.testng.TestNG.runSuites(TestNG.java:1144)
	at org.testng.TestNG.run(TestNG.java:1115)
	at org.testng.remote.AbstractRemoteTestNG.run(AbstractRemoteTestNG.java:132)
	at org.testng.remote.RemoteTestNG.initAndRun(RemoteTestNG.java:230)
	at org.testng.remote.RemoteTestNG.main(RemoteTestNG.java:76)
Caused by: java.lang.NullPointerException
	at org.epam.browser.WebDriverBaseClass.createRowBasedData(WebDriverBaseClass.java:48)
	at sun.reflect.NativeMethodAccessorImpl.invoke0(Native Method)
	at sun.reflect.NativeMethodAccessorImpl.invoke(NativeMethodAccessorImpl.java:62)
	at sun.reflect.DelegatingMethodAccessorImpl.invoke(DelegatingMethodAccessorImpl.java:43)
	at java.lang.reflect.Method.invoke(Method.java:498)
	at org.testng.internal.MethodInvocationHelper.invokeMethod(MethodInvocationHelper.java:108)
	at org.testng.internal.MethodInvocationHelper.invokeMethod(MethodInvocationHelper.java:55)
	at org.testng.internal.MethodInvocationHelper.invokeMethodNoCheckedException(MethodInvocationHelper.java:45)
	... 22 more
]]>
            </full-stacktrace>
          </exception> <!-- java.lang.RuntimeException -->
          <reporter-output>
          </reporter-output>
        </test-method> <!-- flightBookingTest -->
        <test-method status="SKIP" signature="validateFlightSearchTest(java.util.Map)[pri:0, instance:org.epam.tests.FlightBookingTest@ed7f8b4]" name="validateFlightSearchTest" duration-ms="0" started-at="2017-06-27T18:31:11Z" data-provider="row-based-data" depends-on-methods="org.epam.tests.FlightBookingTest.flightBookingTest" finished-at="2017-06-27T18:31:11Z">
          <exception class="java.lang.Throwable">
            <message>
              <![CDATA[Method FlightBookingTest.validateFlightSearchTest(java.util.Map)[pri:0, instance:org.epam.tests.FlightBookingTest@ed7f8b4] depends on not successfully finished methods]]>
            </message>
            <full-stacktrace>
              <![CDATA[java.lang.Throwable: Method FlightBookingTest.validateFlightSearchTest(java.util.Map)[pri:0, instance:org.epam.tests.FlightBookingTest@ed7f8b4] depends on not successfully finished methods
	at org.testng.internal.Invoker.invokeTestMethods(Invoker.java:1084)
	at org.testng.internal.TestMethodWorker.invokeTestMethods(TestMethodWorker.java:126)
	at org.testng.internal.TestMethodWorker.run(TestMethodWorker.java:109)
	at org.testng.TestRunner.privateRun(TestRunner.java:744)
	at org.testng.TestRunner.run(TestRunner.java:602)
	at org.testng.SuiteRunner.runTest(SuiteRunner.java:380)
	at org.testng.SuiteRunner.runSequentially(SuiteRunner.java:375)
	at org.testng.SuiteRunner.privateRun(SuiteRunner.java:340)
	at org.testng.SuiteRunner.run(SuiteRunner.java:289)
	at org.testng.SuiteRunnerWorker.runSuite(SuiteRunnerWorker.java:52)
	at org.testng.SuiteRunnerWorker.run(SuiteRunnerWorker.java:86)
	at org.testng.TestNG.runSuitesSequentially(TestNG.java:1301)
	at org.testng.TestNG.runSuitesLocally(TestNG.java:1226)
	at org.testng.TestNG.runSuites(TestNG.java:1144)
	at org.testng.TestNG.run(TestNG.java:1115)
	at org.testng.remote.AbstractRemoteTestNG.run(AbstractRemoteTestNG.java:132)
	at org.testng.remote.RemoteTestNG.initAndRun(RemoteTestNG.java:230)
	at org.testng.remote.RemoteTestNG.main(RemoteTestNG.java:76)
]]>
            </full-stacktrace>
          </exception> <!-- java.lang.Throwable -->
          <reporter-output>
          </reporter-output>
        </test-method> <!-- validateFlightSearchTest -->
        <test-method status="PASS" signature="tearDown()[pri:0, instance:org.epam.tests.FlightBookingTest@ed7f8b4]" name="tearDown" is-config="true" duration-ms="515" started-at="2017-06-27T18:31:11Z" finished-at="2017-06-27T18:31:11Z">
          <reporter-output>
          </reporter-output>
        </test-method> <!-- tearDown -->
      </class> <!-- org.epam.tests.FlightBookingTest -->
    </test> <!-- Flight Booking Test -->
  </suite> <!-- TrainingTestSuite -->
</testng-results>
