<?xml version="1.0" encoding="UTF-8"?>
<!-- Generated by org.testng.reporters.JUnitXMLReporter -->
<testsuite hostname="EPINHYDW0502" ignored="0" name="Flight Booking Test" tests="2" failures="0" timestamp="27 Jun 2017 13:01:11 GMT" time="10.466" errors="0">
  <testcase name="flightBookingTest" time="0.0" classname="org.epam.tests.FlightBookingTest">
    <skipped/>
  </testcase> <!-- flightBookingTest -->
  <testcase name="validateFlightSearchTest" time="0.0" classname="org.epam.tests.FlightBookingTest">
    <skipped/>
  </testcase> <!-- validateFlightSearchTest -->
</testsuite> <!-- Flight Booking Test -->
