<?xml version="1.0" encoding="UTF-8"?>
<!-- Generated by org.testng.reporters.JUnitXMLReporter -->
<testsuite hostname="EPINHYDW0502" ignored="0" name="Flight Booking Test" tests="2" failures="1" timestamp="28 Jun 2017 05:19:06 GMT" time="40.994" errors="0">
  <testcase name="flightBookingTest" time="28.384" classname="org.epam.tests.FlightBookingTest"/>
  <testcase name="validateFlightSearchTest" time="0.427" classname="org.epam.tests.FlightBookingTest">
    <failure type="java.lang.AssertionError" message="The following asserts failed:
	Actual city details and Expected city details are not same expected [Almeria (LEI) - Barcelona (BCN)] but found [Almería (LEI) - Barcelona (BCN)],
	Actual Journy dates and Expected Journey dates are not same expected [13/7/2017 - 20/7/2017] but found [13/07/2017 - 20/07/2017],
	Actual Passenger details and Expected Passenger details are not same expected [2 Adults, 2 Children, 2 Babies] but found [2 Adultos, 2 Niños, 2 Bebés]">
      <![CDATA[java.lang.AssertionError: The following asserts failed:
	Actual city details and Expected city details are not same expected [Almeria (LEI) - Barcelona (BCN)] but found [Almería (LEI) - Barcelona (BCN)],
	Actual Journy dates and Expected Journey dates are not same expected [13/7/2017 - 20/7/2017] but found [13/07/2017 - 20/07/2017],
	Actual Passenger details and Expected Passenger details are not same expected [2 Adults, 2 Children, 2 Babies] but found [2 Adultos, 2 Niños, 2 Bebés]
	at org.epam.tests.FlightBookingTest.validateFlightSearchTest(FlightBookingTest.java:55)
... Removed 29 stack frames]]>
    </failure>
  </testcase> <!-- validateFlightSearchTest -->
</testsuite> <!-- Flight Booking Test -->
