<?xml version="1.0" encoding="UTF-8"?>
<testsuite xmlns:xsi="http://www.w3.org/2001/XMLSchema-instance" xsi:noNamespaceSchemaLocation="https://maven.apache.org/surefire/maven-surefire-plugin/xsd/surefire-test-report.xsd" name="TestSuite" time="41.568" tests="2" errors="0" skipped="0" failures="1">
  <properties>
[...]
</properties>
  <testcase name="flightBookingTest" classname="org.epam.tests.FlightBookingTest" time="28.383"/>
  <testcase name="validateFlightSearchTest" classname="org.epam.tests.FlightBookingTest" time="0.533">
    <failure message="The following asserts failed:&#10;	Actual city details and Expected city details are not same expected [Almeria (LEI) - Barcelona (BCN)] but found [Almería (LEI) - Barcelona (BCN)],&#10;	Actual Journy dates and Expected Journey dates are not same expected [13/7/2017 - 20/7/2017] but found [13/07/2017 - 20/07/2017],&#10;	Actual Passenger details and Expected Passenger details are not same expected [2 Adults, 2 Children, 2 Babies] but found [2 Adultos, 2 Niños, 2 Bebés]" type="java.lang.AssertionError">java.lang.AssertionError: 
The following asserts failed:
	Actual city details and Expected city details are not same expected [Almeria (LEI) - Barcelona (BCN)] but found [Almería (LEI) - Barcelona (BCN)],
	Actual Journy dates and Expected Journey dates are not same expected [13/7/2017 - 20/7/2017] but found [13/07/2017 - 20/07/2017],
	Actual Passenger details and Expected Passenger details are not same expected [2 Adults, 2 Children, 2 Babies] but found [2 Adultos, 2 Niños, 2 Bebés]
	at org.epam.tests.FlightBookingTest.validateFlightSearchTest(FlightBookingTest.java:55)
</failure>
    <system-out><![CDATA[2017-06-28 10:49:05,348 INFO  [main] org.epam.listeners.TestNGCustomListener.onTestStart(TestNGCustomListener.java:42) listener - start of the test
2017-06-28 10:49:05,491 INFO  [main] org.epam.pages.BookingResultsPage.getPassangersDetails(BookingResultsPage.java:48) journeyDetails 13/07/2017 - 20/07/2017 | 2 Adultos, 2 Niños, 2 Bebés
2017-06-28 10:49:05,774 INFO  [main] org.epam.pages.BookingResultsPage.getPassangersDetails(BookingResultsPage.java:48) journeyDetails 13/07/2017 - 20/07/2017 | 2 Adultos, 2 Niños, 2 Bebés
2017-06-28 10:49:05,874 INFO  [main] org.epam.listeners.TestNGCustomListener.onTestFailure(TestNGCustomListener.java:53) On Failure Screen shot captured and Stored
]]></system-out>
  </testcase>
</testsuite>